Arguments: 
  C:\Program Files\nodejs\node.exe C:\Users\hp\AppData\Roaming\npm\node_modules\yarn\bin\yarn.js add -D typescript tslint

PATH: 
  C:\Windows\system32;C:\Windows;C:\Windows\System32\Wbem;C:\Windows\System32\WindowsPowerShell\v1.0\;C:\Windows\System32\OpenSSH\;C:\Program Files\nodejs\;C:\Program Files\Git\cmd;C:\Users\hp\AppData\Local\Microsoft\WindowsApps;C:\Users\hp\AppData\Roaming\npm;C:\Users\hp\AppData\Local\Programs\Microsoft VS Code\bin

Yarn version: 
  1.22.19

Node version: 
  18.13.0

Platform: 
  win32 x64

Trace: 
  Error: getaddrinfo ENOTFOUND registry.yarnpkg.com
      at GetAddrInfoReqWrap.onlookup [as oncomplete] (node:dns:107:26)

npm manifest: 
  {
    "name": "server",
    "version": "1.0.0",
    "main": "index.js",
    "license": "MIT"
  }

yarn manifest: 
  No manifest

Lockfile: 
  No lockfile
